<?xml version="1.0" encoding="utf-8"?><testsuites name="pytest tests"><testsuite name="pytest" errors="0" failures="0" skipped="0" tests="32" time="13.829" timestamp="2026-08-08T18:14:42.547392+00:00" hostname="agent-env-4afc1524-6593-4c17-9882-f05519cdbf76"><testcase classname="tests.test_batch_b_regression.TestSprint11Customers" name="test_create_customer_stamps_consent" time="0.587" /><testcase classname="tests.test_batch_b_regression.TestSprint11Customers" name="test_create_customer_no_consent" time="0.099" /><testcase classname="tests.test_batch_b_regression.TestSprint11Customers" name="test_put_customer_first_consent_stamps" time="0.120" /><testcase classname="tests.test_batch_b_regression.TestSprint11Customers" name="test_list_search" time="2.132" /><testcase classname="tests.test_batch_b_regression.TestSprint11Customers" name="test_get_customer" time="3.207" /><testcase classname="tests.test_batch_b_regression.TestSprint11Customers" name="test_rbac_cm_write_forbidden" time="0.381" /><testcase classname="tests.test_batch_b_regression.TestSprint11Customers" name="test_rbac_cs_write_ok" time="0.448" /><testcase classname="tests.test_batch_b_regression.TestSprint11Customers" name="test_rbac_cs_delete_forbidden" time="0.100" /><testcase classname="tests.test_batch_b_regression.TestSprint11Customers" name="test_unauthenticated_401" time="0.118" /><testcase classname="tests.test_batch_b_regression.TestSprint12Gemstones" name="test_create_gemstones" time="0.201" /><testcase classname="tests.test_batch_b_regression.TestSprint12Gemstones" name="test_list_pagination_and_q" time="0.124" /><testcase classname="tests.test_batch_b_regression.TestSprint12Gemstones" name="test_get_single" time="0.209" /><testcase classname="tests.test_batch_b_regression.TestSprint12Gemstones" name="test_invalid_transition_draft_to_transferred" time="0.220" /><testcase classname="tests.test_batch_b_regression.TestSprint12Gemstones" name="test_valid_transition_chain" time="0.449" /><testcase classname="tests.test_batch_b_regression.TestSprint12Gemstones" name="test_verified_to_transferred_invalid" time="0.443" /><testcase classname="tests.test_batch_b_regression.TestSprint12Gemstones" name="test_delete_gemstone_no_cert" time="0.101" /><testcase classname="tests.test_batch_b_regression.TestSprint13Jewelry" name="test_create_jewelry_invalid_gemstone" time="0.104" /><testcase classname="tests.test_batch_b_regression.TestSprint13Jewelry" name="test_create_jewelry_valid" time="0.121" /><testcase classname="tests.test_batch_b_regression.TestSprint13Jewelry" name="test_list_and_get_jewelry" time="0.203" /><testcase classname="tests.test_batch_b_regression.TestSprint13Jewelry" name="test_put_jewelry_revalidates" time="0.105" /><testcase classname="tests.test_batch_b_regression.TestSprint13Jewelry" name="test_transition_draft_to_published" time="0.119" /><testcase classname="tests.test_batch_b_regression.TestSprint13Jewelry" name="test_transition_published_to_draft_invalid" time="0.105" /><testcase classname="tests.test_batch_b_regression.TestSprint13Jewelry" name="test_rbac_cm_write_forbidden" time="0.102" /><testcase classname="tests.test_batch_b_regression.TestSprint13Jewelry" name="test_rbac_cs_read_ok_write_forbidden" time="0.199" /><testcase classname="tests.test_batch_b_regression.TestSprint14MediaWiring" name="test_upload_appends_to_media_ids" time="0.250" /><testcase classname="tests.test_batch_b_regression.TestSprint14MediaWiring" name="test_single_main_demotion" time="0.312" /><testcase classname="tests.test_batch_b_regression.TestSprint14MediaWiring" name="test_promote_gallery_to_main" time="0.200" /><testcase classname="tests.test_batch_b_regression.TestSprint14MediaWiring" name="test_delete_media_unlinks" time="0.446" /><testcase classname="tests.test_batch_b_regression.TestSprint14MediaWiring" name="test_public_serve_public_media" time="0.124" /><testcase classname="tests.test_batch_b_regression.TestCertificateRegression" name="test_issue_certificate_and_pdf" time="1.850" /><testcase classname="tests.test_batch_b_regression.TestCertificateRegression" name="test_delete_gemstone_with_cert_conflict" time="0.098" /><testcase classname="tests.test_batch_b_regression" name="test_zz_cleanup_and_invariants" time="0.149" /></testsuite></testsuites>