<?xml version="1.0" encoding="utf-8"?><testsuites name="pytest tests"><testsuite name="pytest" errors="0" failures="2" skipped="0" tests="10" time="3.027" timestamp="2026-08-08T19:50:31.885893+00:00" hostname="agent-env-e09bb6d2-645c-48f2-9449-e52fd1619b38"><testcase classname="tests.test_batch_d_analytics" name="test_analytics_unauth_401" time="0.568" /><testcase classname="tests.test_batch_d_analytics" name="test_analytics_super_admin_200" time="0.503" /><testcase classname="tests.test_batch_d_analytics" name="test_analytics_content_manager_403" time="0.446" /><testcase classname="tests.test_batch_d_analytics" name="test_analytics_customer_service_403" time="0.422" /><testcase classname="tests.test_batch_d_analytics" name="test_analytics_structure_and_baseline" time="0.145" /><testcase classname="tests.test_batch_d_analytics" name="test_analytics_privacy_no_pii" time="0.157" /><testcase classname="tests.test_batch_d_analytics" name="test_public_verify_random_returns_not_found" time="0.138" /><testcase classname="tests.test_batch_d_analytics" name="test_public_verify_malformed_never_leaks" time="0.118"><failure message="assert 'security_code' not in '{&quot;success&quot;:...9a47b10cc&quot;}}'&#10;  &#10;  'security_code' is contained here:&#10;  ?                                                                                                                                                                                                 ^^^^^^^^^^^^^^^^^^&#10;    {&quot;success&quot;:false,&quot;error&quot;:{&quot;code&quot;:&quot;validation_error&quot;,&quot;message&quot;:&quot;one or more fields are invalid.&quot;,&quot;details&quot;:[{&quot;field&quot;:&quot;certificate_number&quot;,&quot;message&quot;:&quot;field required&quot;,&quot;type&quot;:&quot;missing&quot;},{&quot;field&quot;:&quot;security_code&quot;,&quot;message&quot;:&quot;field required&quot;,&quot;type&quot;:&quot;missing&quot;}]},&quot;meta&quot;:{&quot;request_id&quot;:&quot;db6e22c9eb6246bfb7f2f099a47b10cc&quot;}}&#10;  ?                             ...&#10;  &#10;  ...Full output truncated (1 line hidden), use '-vv' to show">tests/test_batch_d_analytics.py:183: in test_public_verify_malformed_never_leaks
    assert banned not in blob
E   assert 'security_code' not in '{"success":...9a47b10cc"}}'
E     
E     'security_code' is contained here:
E     ?                                                                                                                                                                                                 ^^^^^^^^^^^^^^^^^^
E       {"success":false,"error":{"code":"validation_error","message":"one or more fields are invalid.","details":[{"field":"certificate_number","message":"field required","type":"missing"},{"field":"security_code","message":"field required","type":"missing"}]},"meta":{"request_id":"db6e22c9eb6246bfb7f2f099a47b10cc"}}
E     ?                             ...
E     
E     ...Full output truncated (1 line hidden), use '-vv' to show</failure></testcase><testcase classname="tests.test_batch_d_analytics" name="test_public_membership_verify_bad_token" time="0.127"><failure message="AssertionError: {&quot;success&quot;:false,&quot;error&quot;:{&quot;code&quot;:&quot;VALIDATION_ERROR&quot;,&quot;message&quot;:&quot;One or more fields are invalid.&quot;,&quot;details&quot;:[{&quot;field&quot;:&quot;query.t&quot;,&quot;message&quot;:&quot;Field required&quot;,&quot;type&quot;:&quot;missing&quot;}]},&quot;meta&quot;:{&quot;request_id&quot;:&quot;bb1b4e98f9f5458e91fced8c8e4680c6&quot;}}&#10;assert 422 in (200, 400, 404)&#10; +  where 422 = &lt;Response [422]&gt;.status_code">tests/test_batch_d_analytics.py:188: in test_public_membership_verify_bad_token
    assert r.status_code in (200, 400, 404), r.text
E   AssertionError: {"success":false,"error":{"code":"VALIDATION_ERROR","message":"One or more fields are invalid.","details":[{"field":"query.t","message":"Field required","type":"missing"}]},"meta":{"request_id":"bb1b4e98f9f5458e91fced8c8e4680c6"}}
E   assert 422 in (200, 400, 404)
E    +  where 422 = &lt;Response [422]&gt;.status_code</failure></testcase><testcase classname="tests.test_batch_d_analytics" name="test_zz_baseline_invariant" time="0.168" /></testsuite></testsuites>