<?xml version="1.0" encoding="utf-8"?><testsuites name="pytest tests"><testsuite name="pytest" errors="0" failures="0" skipped="0" tests="84" time="23.550" timestamp="2026-08-08T19:50:59.463244+00:00" hostname="agent-env-e09bb6d2-645c-48f2-9449-e52fd1619b38"><testcase classname="tests.test_batch_d_analytics" name="test_analytics_unauth_401" time="0.193" /><testcase classname="tests.test_batch_d_analytics" name="test_analytics_super_admin_200" time="0.383" /><testcase classname="tests.test_batch_d_analytics" name="test_analytics_content_manager_403" time="0.385" /><testcase classname="tests.test_batch_d_analytics" name="test_analytics_customer_service_403" time="0.409" /><testcase classname="tests.test_batch_d_analytics" name="test_analytics_structure_and_baseline" time="0.125" /><testcase classname="tests.test_batch_d_analytics" name="test_analytics_privacy_no_pii" time="0.121" /><testcase classname="tests.test_batch_d_analytics" name="test_public_verify_random_returns_not_found" time="0.104" /><testcase classname="tests.test_batch_d_analytics" name="test_public_verify_malformed_never_leaks" time="0.106" /><testcase classname="tests.test_batch_d_analytics" name="test_public_membership_verify_bad_token" time="0.111" /><testcase classname="tests.test_batch_d_analytics" name="test_zz_baseline_invariant" time="0.142" /><testcase classname="tests.test_batch_a_regression.TestSprint8Envelope" name="test_settings_public_is_wrapped" time="0.104" /><testcase classname="tests.test_batch_a_regression.TestSprint8Envelope" name="test_health_is_not_wrapped" time="0.091" /><testcase classname="tests.test_batch_a_regression.TestSprint8Envelope" name="test_unauthorized_admin_settings_error_envelope" time="0.146" /><testcase classname="tests.test_batch_a_regression.TestSprint8Envelope" name="test_not_found_route_envelope" time="0.094" /><testcase classname="tests.test_batch_a_regression.TestSprint8Envelope" name="test_validation_error_envelope" time="0.130" /><testcase classname="tests.test_batch_a_regression.TestSprint8Envelope" name="test_x_request_id_echoed_from_client" time="0.104" /><testcase classname="tests.test_batch_a_regression.TestSprint9Logging" name="test_verify_writes_verification_log_with_correlation" time="0.130" /><testcase classname="tests.test_batch_a_regression.TestSprint9Logging" name="test_failed_login_writes_security_log_with_correlation" time="0.253" /><testcase classname="tests.test_batch_a_regression.TestSprint10Media" name="test_unauthorized_upload_401" time="0.107" /><testcase classname="tests.test_batch_a_regression.TestSprint10Media" name="test_cm_denied_media_mutation_403" time="0.384" /><testcase classname="tests.test_batch_a_regression.TestSprint10Media" name="test_upload_public_and_serve" time="0.489" /><testcase classname="tests.test_batch_a_regression.TestSprint10Media" name="test_upload_private_hidden_from_public_but_admin_raw_ok" time="0.332" /><testcase classname="tests.test_batch_a_regression.TestSprint10Media" name="test_list_media_by_entity" time="0.092" /><testcase classname="tests.test_batch_a_regression.TestSprint10Media" name="test_unsupported_content_type_400" time="0.094" /><testcase classname="tests.test_batch_a_regression.TestSprint10Media" name="test_delete_media_then_public_404" time="0.327" /><testcase classname="tests.test_batch_a_regression.TestFaseRegression" name="test_verify_valid_format_wrong_code" time="0.118" /><testcase classname="tests.test_batch_a_regression.TestFaseRegression" name="test_verify_malformed_number" time="0.176" /><testcase classname="tests.test_batch_a_regression.TestFaseRegression" name="test_qr_resolve_bad_token" time="0.117" /><testcase classname="tests.test_batch_a_regression.TestFaseRegression" name="test_auth_me_via_envelope" time="0.095" /><testcase classname="tests.test_batch_a_regression.TestFaseRegression" name="test_auth_refresh_and_logout" time="0.483" /><testcase classname="tests.test_batch_a_regression.TestFaseRegression" name="test_legality_public_unpublished" time="0.103" /><testcase classname="tests.test_batch_a_regression" name="test_zz_cleanup_and_invariants" time="0.264" /><testcase classname="tests.test_batch_b_regression.TestSprint11Customers" name="test_create_customer_stamps_consent" time="0.329" /><testcase classname="tests.test_batch_b_regression.TestSprint11Customers" name="test_create_customer_no_consent" time="0.115" /><testcase classname="tests.test_batch_b_regression.TestSprint11Customers" name="test_put_customer_first_consent_stamps" time="0.141" /><testcase classname="tests.test_batch_b_regression.TestSprint11Customers" name="test_list_search" time="0.094" /><testcase classname="tests.test_batch_b_regression.TestSprint11Customers" name="test_get_customer" time="0.093" /><testcase classname="tests.test_batch_b_regression.TestSprint11Customers" name="test_rbac_cm_write_forbidden" time="0.327" /><testcase classname="tests.test_batch_b_regression.TestSprint11Customers" name="test_rbac_cs_write_ok" time="0.477" /><testcase classname="tests.test_batch_b_regression.TestSprint11Customers" name="test_rbac_cs_delete_forbidden" time="0.102" /><testcase classname="tests.test_batch_b_regression.TestSprint11Customers" name="test_unauthenticated_401" time="0.099" /><testcase classname="tests.test_batch_b_regression.TestSprint12Gemstones" name="test_create_gemstones" time="0.190" /><testcase classname="tests.test_batch_b_regression.TestSprint12Gemstones" name="test_list_pagination_and_q" time="0.109" /><testcase classname="tests.test_batch_b_regression.TestSprint12Gemstones" name="test_get_single" time="0.124" /><testcase classname="tests.test_batch_b_regression.TestSprint12Gemstones" name="test_invalid_transition_draft_to_transferred" time="0.090" /><testcase classname="tests.test_batch_b_regression.TestSprint12Gemstones" name="test_valid_transition_chain" time="0.222" /><testcase classname="tests.test_batch_b_regression.TestSprint12Gemstones" name="test_verified_to_transferred_invalid" time="0.279" /><testcase classname="tests.test_batch_b_regression.TestSprint12Gemstones" name="test_delete_gemstone_no_cert" time="0.092" /><testcase classname="tests.test_batch_b_regression.TestSprint13Jewelry" name="test_create_jewelry_invalid_gemstone" time="0.104" /><testcase classname="tests.test_batch_b_regression.TestSprint13Jewelry" name="test_create_jewelry_valid" time="0.108" /><testcase classname="tests.test_batch_b_regression.TestSprint13Jewelry" name="test_list_and_get_jewelry" time="0.177" /><testcase classname="tests.test_batch_b_regression.TestSprint13Jewelry" name="test_put_jewelry_revalidates" time="0.116" /><testcase classname="tests.test_batch_b_regression.TestSprint13Jewelry" name="test_transition_draft_to_published" time="0.116" /><testcase classname="tests.test_batch_b_regression.TestSprint13Jewelry" name="test_transition_published_to_draft_invalid" time="0.093" /><testcase classname="tests.test_batch_b_regression.TestSprint13Jewelry" name="test_rbac_cm_write_forbidden" time="0.091" /><testcase classname="tests.test_batch_b_regression.TestSprint13Jewelry" name="test_rbac_cs_read_ok_write_forbidden" time="0.217" /><testcase classname="tests.test_batch_b_regression.TestSprint14MediaWiring" name="test_upload_appends_to_media_ids" time="0.183" /><testcase classname="tests.test_batch_b_regression.TestSprint14MediaWiring" name="test_single_main_demotion" time="0.300" /><testcase classname="tests.test_batch_b_regression.TestSprint14MediaWiring" name="test_promote_gallery_to_main" time="0.229" /><testcase classname="tests.test_batch_b_regression.TestSprint14MediaWiring" name="test_delete_media_unlinks" time="0.395" /><testcase classname="tests.test_batch_b_regression.TestSprint14MediaWiring" name="test_public_serve_public_media" time="0.094" /><testcase classname="tests.test_batch_b_regression.TestCertificateRegression" name="test_issue_certificate_and_pdf" time="1.784" /><testcase classname="tests.test_batch_b_regression.TestCertificateRegression" name="test_delete_gemstone_with_cert_conflict" time="0.104" /><testcase classname="tests.test_batch_b_regression" name="test_zz_cleanup_and_invariants" time="0.131" /><testcase classname="tests.test_batch_c_regression.TestSprint19Warranty" name="test_create_auto_number_and_end_date" time="0.453" /><testcase classname="tests.test_batch_c_regression.TestSprint19Warranty" name="test_one_active_per_stone_conflict" time="0.116" /><testcase classname="tests.test_batch_c_regression.TestSprint19Warranty" name="test_reissue_creates_v2" time="0.110" /><testcase classname="tests.test_batch_c_regression.TestSprint19Warranty" name="test_invalid_gemstone_400" time="0.099" /><testcase classname="tests.test_batch_c_regression.TestSprint19Warranty" name="test_status_void_then_invalid_reactivate" time="0.214" /><testcase classname="tests.test_batch_c_regression.TestSprint19Warranty" name="test_list_filter_and_get" time="0.195" /><testcase classname="tests.test_batch_c_regression.TestSprint19Warranty" name="test_rbac" time="0.964" /><testcase classname="tests.test_batch_c_regression.TestSprint19Warranty" name="test_warranty_counter_is_separate_from_cert_counter" time="0.010" /><testcase classname="tests.test_batch_c_regression.TestOwnershipTransfer" name="test_full_ownership_lifecycle" time="1.749" /><testcase classname="tests.test_batch_c_regression.TestOwnershipTransfer" name="test_cancel_pending_no_ownership_change" time="0.678" /><testcase classname="tests.test_batch_c_regression.TestOwnershipTransfer" name="test_rbac_ownership" time="0.381" /><testcase classname="tests.test_batch_c_regression.TestSprint23AMembership" name="test_consent_required" time="0.184" /><testcase classname="tests.test_batch_c_regression.TestSprint23AMembership" name="test_create_masked_and_member_id" time="3.304" /><testcase classname="tests.test_batch_c_regression.TestSprint23AMembership" name="test_duplicate_current_conflict" time="0.091" /><testcase classname="tests.test_batch_c_regression.TestSprint23AMembership" name="test_public_verify_valid_then_inactive" time="0.293" /><testcase classname="tests.test_batch_c_regression.TestSprint23AMembership" name="test_bad_token_invalid" time="0.122" /><testcase classname="tests.test_batch_c_regression.TestSprint23AMembership" name="test_reissue_creates_v2" time="0.143" /><testcase classname="tests.test_batch_c_regression.TestSprint23AMembership" name="test_rbac_membership" time="0.373" /><testcase classname="tests.test_batch_c_regression.TestSprint23AMembership" name="test_membership_counter_is_separate_from_cert_counter" time="0.010" /><testcase classname="tests.test_batch_c_regression" name="test_zz_cleanup_and_invariants" time="0.135" /></testsuite></testsuites>