<?xml version="1.0" encoding="utf-8"?><testsuites name="pytest tests"><testsuite name="pytest" errors="0" failures="0" skipped="0" tests="22" time="4.917" timestamp="2026-08-08T17:12:07.998034+00:00" hostname="agent-env-7fb45264-10ec-4bea-992c-e1a3036a7c55"><testcase classname="tests.test_batch_a_regression.TestSprint8Envelope" name="test_settings_public_is_wrapped" time="0.218" /><testcase classname="tests.test_batch_a_regression.TestSprint8Envelope" name="test_health_is_not_wrapped" time="0.106" /><testcase classname="tests.test_batch_a_regression.TestSprint8Envelope" name="test_unauthorized_admin_settings_error_envelope" time="0.121" /><testcase classname="tests.test_batch_a_regression.TestSprint8Envelope" name="test_not_found_route_envelope" time="0.099" /><testcase classname="tests.test_batch_a_regression.TestSprint8Envelope" name="test_validation_error_envelope" time="0.117" /><testcase classname="tests.test_batch_a_regression.TestSprint8Envelope" name="test_x_request_id_echoed_from_client" time="0.103" /><testcase classname="tests.test_batch_a_regression.TestSprint9Logging" name="test_verify_writes_verification_log_with_correlation" time="0.125" /><testcase classname="tests.test_batch_a_regression.TestSprint9Logging" name="test_failed_login_writes_security_log_with_correlation" time="0.295" /><testcase classname="tests.test_batch_a_regression.TestSprint10Media" name="test_unauthorized_upload_401" time="0.142" /><testcase classname="tests.test_batch_a_regression.TestSprint10Media" name="test_cm_denied_media_mutation_403" time="0.402" /><testcase classname="tests.test_batch_a_regression.TestSprint10Media" name="test_upload_public_and_serve" time="0.504" /><testcase classname="tests.test_batch_a_regression.TestSprint10Media" name="test_upload_private_hidden_from_public_but_admin_raw_ok" time="0.416" /><testcase classname="tests.test_batch_a_regression.TestSprint10Media" name="test_list_media_by_entity" time="0.123" /><testcase classname="tests.test_batch_a_regression.TestSprint10Media" name="test_unsupported_content_type_400" time="0.117" /><testcase classname="tests.test_batch_a_regression.TestSprint10Media" name="test_delete_media_then_public_404" time="0.359" /><testcase classname="tests.test_batch_a_regression.TestFaseRegression" name="test_verify_valid_format_wrong_code" time="0.103" /><testcase classname="tests.test_batch_a_regression.TestFaseRegression" name="test_verify_malformed_number" time="0.106" /><testcase classname="tests.test_batch_a_regression.TestFaseRegression" name="test_qr_resolve_bad_token" time="0.100" /><testcase classname="tests.test_batch_a_regression.TestFaseRegression" name="test_auth_me_via_envelope" time="0.098" /><testcase classname="tests.test_batch_a_regression.TestFaseRegression" name="test_auth_refresh_and_logout" time="0.547" /><testcase classname="tests.test_batch_a_regression.TestFaseRegression" name="test_legality_public_unpublished" time="0.131" /><testcase classname="tests.test_batch_a_regression" name="test_zz_cleanup_and_invariants" time="0.241" /></testsuite></testsuites>