<?xml version="1.0" encoding="utf-8"?><testsuites name="pytest tests"><testsuite name="pytest" errors="0" failures="0" skipped="0" tests="5" time="7.491" timestamp="2026-08-08T21:31:53.174182+00:00" hostname="agent-env-20380fcc-7eec-42d1-84c1-85534ee0ea78"><testcase classname="tests.test_cert_demo_preview" name="test_baseline_clean_db" time="0.027" /><testcase classname="tests.test_cert_demo_preview" name="test_demo_preview_requires_auth" time="0.337" /><testcase classname="tests.test_cert_demo_preview" name="test_demo_preview_returns_valid_pdf" time="1.984" /><testcase classname="tests.test_cert_demo_preview" name="test_demo_preview_no_db_mutation" time="4.273" /><testcase classname="tests.test_cert_demo_preview" name="test_existing_endpoints_respond" time="0.539" /></testsuite></testsuites>