<?xml version="1.0" encoding="utf-8"?><testsuites name="pytest tests"><testsuite name="pytest" errors="0" failures="0" skipped="0" tests="19" time="4.152" timestamp="2026-08-08T20:32:30.566141+00:00" hostname="agent-env-e09bb6d2-645c-48f2-9449-e52fd1619b38"><testcase classname="tests.test_cms_visuals" name="test_public_settings_returns_visual_fields" time="0.395" /><testcase classname="tests.test_cms_visuals" name="test_visuals_get_no_auth_401" time="0.110" /><testcase classname="tests.test_cms_visuals" name="test_visuals_get_super_admin_200" time="0.447" /><testcase classname="tests.test_cms_visuals" name="test_visuals_get_content_manager_200" time="0.493" /><testcase classname="tests.test_cms_visuals" name="test_visuals_get_customer_service_200" time="0.393" /><testcase classname="tests.test_cms_visuals" name="test_visuals_put_no_auth_401" time="0.101" /><testcase classname="tests.test_cms_visuals" name="test_visuals_put_customer_service_403" time="0.087" /><testcase classname="tests.test_cms_visuals" name="test_visuals_put_content_manager_200" time="0.102" /><testcase classname="tests.test_cms_visuals" name="test_visuals_put_super_admin_persists" time="0.288" /><testcase classname="tests.test_cms_visuals" name="test_visuals_no_secrets_leaked" time="0.101" /><testcase classname="tests.test_cms_visuals" name="test_contact_put_content_manager_403" time="0.100" /><testcase classname="tests.test_cms_visuals" name="test_contact_put_customer_service_403" time="0.091" /><testcase classname="tests.test_cms_visuals" name="test_counter_still_14" time="0.127" /><testcase classname="tests.test_cms_visuals" name="test_verify_malformed_safe" time="0.101" /><testcase classname="tests.test_cms_visuals" name="test_visuals_get_administrator_200" time="0.372" /><testcase classname="tests.test_cms_visuals" name="test_visuals_put_administrator_200" time="0.102" /><testcase classname="tests.test_cms_visuals" name="test_contact_put_administrator_200" time="0.098" /><testcase classname="tests.test_cms_visuals" name="test_audit_log_cms_visuals_entry" time="0.321" /><testcase classname="tests.test_cms_visuals" name="test_baseline_business_collections_zero" time="0.119" /></testsuite></testsuites>