<?xml version="1.0" encoding="utf-8"?><testsuites name="pytest tests"><testsuite name="pytest" errors="0" failures="0" skipped="0" tests="14" time="4.173" timestamp="2026-08-08T20:19:07.825477+00:00" hostname="agent-env-e09bb6d2-645c-48f2-9449-e52fd1619b38"><testcase classname="tests.test_cms_visuals" name="test_public_settings_returns_visual_fields" time="0.152" /><testcase classname="tests.test_cms_visuals" name="test_visuals_get_no_auth_401" time="0.117" /><testcase classname="tests.test_cms_visuals" name="test_visuals_get_super_admin_200" time="0.472" /><testcase classname="tests.test_cms_visuals" name="test_visuals_get_content_manager_200" time="0.485" /><testcase classname="tests.test_cms_visuals" name="test_visuals_get_customer_service_200" time="0.539" /><testcase classname="tests.test_cms_visuals" name="test_visuals_put_no_auth_401" time="0.151" /><testcase classname="tests.test_cms_visuals" name="test_visuals_put_customer_service_403" time="0.191" /><testcase classname="tests.test_cms_visuals" name="test_visuals_put_content_manager_200" time="0.228" /><testcase classname="tests.test_cms_visuals" name="test_visuals_put_super_admin_persists" time="0.747" /><testcase classname="tests.test_cms_visuals" name="test_visuals_no_secrets_leaked" time="0.218" /><testcase classname="tests.test_cms_visuals" name="test_contact_put_content_manager_403" time="0.113" /><testcase classname="tests.test_cms_visuals" name="test_contact_put_customer_service_403" time="0.102" /><testcase classname="tests.test_cms_visuals" name="test_counter_still_14" time="0.252" /><testcase classname="tests.test_cms_visuals" name="test_verify_malformed_safe" time="0.229" /></testsuite></testsuites>