<?xml version="1.0" encoding="utf-8"?><testsuites name="pytest tests"><testsuite name="pytest" errors="0" failures="0" skipped="0" tests="9" time="3.281" timestamp="2026-08-08T21:54:49.225584+00:00" hostname="agent-env-20380fcc-7eec-42d1-84c1-85534ee0ea78"><testcase classname="tests.test_dashboard_bg" name="test_public_settings_includes_dashboard_bg_fields" time="0.564" /><testcase classname="tests.test_dashboard_bg" name="test_admin_get_visuals_returns_dashboard_bg" time="0.921" /><testcase classname="tests.test_dashboard_bg" name="test_admin_put_persists_and_clamps_opacity_high" time="0.340" /><testcase classname="tests.test_dashboard_bg" name="test_admin_put_clamps_opacity_low" time="0.114" /><testcase classname="tests.test_dashboard_bg" name="test_content_manager_can_put_dashboard_bg" time="0.372" /><testcase classname="tests.test_dashboard_bg" name="test_customer_service_can_get_but_not_put" time="0.504" /><testcase classname="tests.test_dashboard_bg" name="test_unauthenticated_put_returns_401" time="0.087" /><testcase classname="tests.test_dashboard_bg" name="test_safety_business_collections_and_counter" time="0.125" /><testcase classname="tests.test_dashboard_bg" name="test_zzz_restore_defaults" time="0.104" /></testsuite></testsuites>