<?xml version="1.0" encoding="utf-8"?><testsuites name="pytest tests"><testsuite name="pytest" errors="0" failures="0" skipped="0" tests="10" time="3.949" timestamp="2026-08-08T22:10:14.832697+00:00" hostname="agent-env-20380fcc-7eec-42d1-84c1-85534ee0ea78"><testcase classname="tests.test_dashboard_bg" name="test_public_settings_includes_new_bg_fields" time="0.353" /><testcase classname="tests.test_dashboard_bg" name="test_admin_get_visuals_returns_new_bg_fields" time="0.654" /><testcase classname="tests.test_dashboard_bg" name="test_dashboard_bg_fit_and_blur_persist_and_clamp" time="0.237" /><testcase classname="tests.test_dashboard_bg" name="test_dashboard_bg_blur_low_clamp" time="0.120" /><testcase classname="tests.test_dashboard_bg" name="test_login_bg_persist_and_clamp" time="0.305" /><testcase classname="tests.test_dashboard_bg" name="test_content_manager_can_put_new_fields" time="0.444" /><testcase classname="tests.test_dashboard_bg" name="test_customer_service_get_ok_put_403" time="0.482" /><testcase classname="tests.test_dashboard_bg" name="test_unauthenticated_put_returns_401" time="0.115" /><testcase classname="tests.test_dashboard_bg" name="test_safety_certificate_counter_and_business_collections" time="0.096" /><testcase classname="tests.test_dashboard_bg" name="test_zzz_restore_defaults" time="0.127" /></testsuite></testsuites>