<?xml version="1.0" encoding="utf-8"?><testsuites name="pytest tests"><testsuite name="pytest" errors="0" failures="2" skipped="0" tests="22" time="9.529" timestamp="2026-08-08T14:37:42.133945+00:00" hostname="agent-env-a4701736-ee6f-4c15-af2f-625631434cea"><testcase classname="tests.test_fase3_certificates.TestGemstone" name="test_create_gemstone_shape" time="1.487" /><testcase classname="tests.test_fase3_certificates.TestGemstone" name="test_create_gemstone_validation" time="0.180" /><testcase classname="tests.test_fase3_certificates.TestGemstone" name="test_upload_photo_and_public_get" time="0.416" /><testcase classname="tests.test_fase3_certificates.TestIssuance" name="test_issue_shape" time="0.205" /><testcase classname="tests.test_fase3_certificates.TestIssuance" name="test_duplicate_issue_409" time="0.214" /><testcase classname="tests.test_fase3_certificates.TestIssuance" name="test_atomic_sequential_numbers" time="0.867" /><testcase classname="tests.test_fase3_certificates.TestVerification" name="test_valid_manual" time="0.172" /><testcase classname="tests.test_fase3_certificates.TestVerification" name="test_wrong_security_code_generic" time="0.196" /><testcase classname="tests.test_fase3_certificates.TestVerification" name="test_malformed_number" time="0.171" /><testcase classname="tests.test_fase3_certificates.TestVerification" name="test_qr_resolve_prefill_only" time="0.169" /><testcase classname="tests.test_fase3_certificates.TestVerification" name="test_qr_verify_full" time="0.189" /><testcase classname="tests.test_fase3_certificates.TestVerification" name="test_qr_invalid_token" time="0.165" /><testcase classname="tests.test_fase3_certificates.TestPDF" name="test_pdf_a6_landscape_two_pages" time="0.677" /><testcase classname="tests.test_fase3_certificates.TestVersioningRevoke" name="test_reissue_creates_new_version" time="0.254"><failure message="AssertionError: Internal Server Error&#10;assert 500 == 200&#10; +  where 500 = &lt;Response [500]&gt;.status_code">tests/test_fase3_certificates.py:258: in test_reissue_creates_new_version
    assert r.status_code == 200, r.text
E   AssertionError: Internal Server Error
E   assert 500 == 200
E    +  where 500 = &lt;Response [500]&gt;.status_code</failure></testcase><testcase classname="tests.test_fase3_certificates.TestVersioningRevoke" name="test_revoke_shows_revoked" time="0.357"><failure message="AssertionError: assert 'not_found' == 'revoked'&#10;  &#10;  - revoked&#10;  + not_found">tests/test_fase3_certificates.py:285: in test_revoke_shows_revoked
    assert v.json()["status"] == "revoked"
E   AssertionError: assert 'not_found' == 'revoked'
E     
E     - revoked
E     + not_found</failure></testcase><testcase classname="tests.test_fase3_certificates.TestRBAC" name="test_content_manager_forbidden_gemstone" time="1.062" /><testcase classname="tests.test_fase3_certificates.TestRBAC" name="test_content_manager_forbidden_issue" time="0.185" /><testcase classname="tests.test_fase3_certificates.TestRBAC" name="test_content_manager_forbidden_pdf" time="0.222" /><testcase classname="tests.test_fase3_certificates.TestRBAC" name="test_unauth_401" time="0.597" /><testcase classname="tests.test_fase3_certificates.TestAudit" name="test_audit_entries" time="0.043" /><testcase classname="tests.test_fase3_certificates.TestFase2Regression" name="test_settings_public" time="0.182" /><testcase classname="tests.test_fase3_certificates.TestFase2Regression" name="test_legality_empty" time="0.172" /></testsuite></testsuites>