<?xml version="1.0" encoding="utf-8"?><testsuites name="pytest tests"><testsuite name="pytest" errors="0" failures="0" skipped="0" tests="22" time="5.858" timestamp="2026-08-08T14:45:07.507807+00:00" hostname="agent-env-a4701736-ee6f-4c15-af2f-625631434cea"><testcase classname="tests.test_fase3_certificates.TestGemstone" name="test_create_gemstone_shape" time="1.105" /><testcase classname="tests.test_fase3_certificates.TestGemstone" name="test_create_gemstone_validation" time="0.141" /><testcase classname="tests.test_fase3_certificates.TestGemstone" name="test_upload_photo_and_public_get" time="0.451" /><testcase classname="tests.test_fase3_certificates.TestIssuance" name="test_issue_shape" time="0.123" /><testcase classname="tests.test_fase3_certificates.TestIssuance" name="test_duplicate_issue_409" time="0.102" /><testcase classname="tests.test_fase3_certificates.TestIssuance" name="test_atomic_sequential_numbers" time="0.514" /><testcase classname="tests.test_fase3_certificates.TestVerification" name="test_valid_manual" time="0.137" /><testcase classname="tests.test_fase3_certificates.TestVerification" name="test_wrong_security_code_generic" time="0.132" /><testcase classname="tests.test_fase3_certificates.TestVerification" name="test_malformed_number" time="0.126" /><testcase classname="tests.test_fase3_certificates.TestVerification" name="test_qr_resolve_prefill_only" time="0.134" /><testcase classname="tests.test_fase3_certificates.TestVerification" name="test_qr_verify_full" time="0.132" /><testcase classname="tests.test_fase3_certificates.TestVerification" name="test_qr_invalid_token" time="0.103" /><testcase classname="tests.test_fase3_certificates.TestPDF" name="test_pdf_a6_landscape_two_pages" time="0.416" /><testcase classname="tests.test_fase3_certificates.TestVersioningRevoke" name="test_reissue_creates_new_version" time="0.226" /><testcase classname="tests.test_fase3_certificates.TestVersioningRevoke" name="test_revoke_shows_revoked" time="0.239" /><testcase classname="tests.test_fase3_certificates.TestRBAC" name="test_content_manager_forbidden_gemstone" time="0.432" /><testcase classname="tests.test_fase3_certificates.TestRBAC" name="test_content_manager_forbidden_issue" time="0.128" /><testcase classname="tests.test_fase3_certificates.TestRBAC" name="test_content_manager_forbidden_pdf" time="0.121" /><testcase classname="tests.test_fase3_certificates.TestRBAC" name="test_unauth_401" time="0.360" /><testcase classname="tests.test_fase3_certificates.TestAudit" name="test_audit_entries" time="0.023" /><testcase classname="tests.test_fase3_certificates.TestFase2Regression" name="test_settings_public" time="0.160" /><testcase classname="tests.test_fase3_certificates.TestFase2Regression" name="test_legality_empty" time="0.121" /></testsuite></testsuites>