<?xml version="1.0" encoding="utf-8"?><testsuites name="pytest tests"><testsuite name="pytest" errors="0" failures="0" skipped="0" tests="11" time="7.060" timestamp="2026-08-08T15:41:42.176554+00:00" hostname="agent-env-b959a9f0-4595-4d4b-ac30-ae061f547636"><testcase classname="tests.test_fase3_1_pdf_visual.TestReadOnlyRegressions" name="test_verify_fake_number_returns_not_found" time="0.408" /><testcase classname="tests.test_fase3_1_pdf_visual.TestReadOnlyRegressions" name="test_qr_resolve_invalid_token" time="0.381" /><testcase classname="tests.test_fase3_1_pdf_visual.TestReadOnlyRegressions" name="test_settings_public_whatsapp" time="0.145" /><testcase classname="tests.test_fase3_1_pdf_visual.TestReadOnlyRegressions" name="test_legality_unpublished_state" time="0.119" /><testcase classname="tests.test_fase3_1_pdf_visual.TestPdfE2E" name="test_01_create_gemstone" time="0.571" /><testcase classname="tests.test_fase3_1_pdf_visual.TestPdfE2E" name="test_02_issue_certificate" time="0.134" /><testcase classname="tests.test_fase3_1_pdf_visual.TestPdfE2E" name="test_03_pdf_binary_and_mediabox" time="2.542" /><testcase classname="tests.test_fase3_1_pdf_visual.TestPdfE2E" name="test_04_qr_on_page2_decodes_to_expected_url" time="1.588" /><testcase classname="tests.test_fase3_1_pdf_visual.TestPdfE2E" name="test_05_manual_verify_returns_valid" time="0.177" /><testcase classname="tests.test_fase3_1_pdf_visual.TestPdfE2E" name="test_06_qr_verify_returns_valid_and_no_secret_leak" time="0.200" /><testcase classname="tests.test_fase3_1_pdf_visual.TestZZZCleanupAndCounterRestore" name="test_cleanup_and_verify_state" time="0.355" /></testsuite></testsuites>