<?xml version="1.0" encoding="utf-8"?><testsuites name="pytest tests"><testsuite name="pytest" errors="0" failures="0" skipped="0" tests="44" time="27.683" timestamp="2026-08-08T16:33:34.766138+00:00" hostname="agent-env-b959a9f0-4595-4d4b-ac30-ae061f547636"><testcase classname="tests.test_fase3_4_number_format.TestCounterUnit" name="test_format_seq15_year_2026" time="0.492" /><testcase classname="tests.test_fase3_4_number_format.TestCounterUnit" name="test_atomic_no_duplicates_concurrent" time="0.047" /><testcase classname="tests.test_fase3_4_number_format.TestVerifyRegex" name="test_old_format_returns_not_found" time="0.211" /><testcase classname="tests.test_fase3_4_number_format.TestVerifyRegex" name="test_new_format_shape_not_found_when_absent" time="0.134" /><testcase classname="tests.test_fase3_4_number_format.TestIssuanceE2E" name="test_01_baseline_counter" time="0.003" /><testcase classname="tests.test_fase3_4_number_format.TestIssuanceE2E" name="test_02_create_gemstone_and_issue" time="0.613" /><testcase classname="tests.test_fase3_4_number_format.TestIssuanceE2E" name="test_03_admin_list_and_detail_show_new_format" time="0.125" /><testcase classname="tests.test_fase3_4_number_format.TestIssuanceE2E" name="test_04_db_stores_new_format" time="0.003" /><testcase classname="tests.test_fase3_4_number_format.TestIssuanceE2E" name="test_05_pdf_ok_two_pages" time="1.720" /><testcase classname="tests.test_fase3_4_number_format.TestIssuanceE2E" name="test_06_pdf_text_contains_new_number" time="1.786" /><testcase classname="tests.test_fase3_4_number_format.TestIssuanceE2E" name="test_07_manual_verify_new_format" time="0.118" /><testcase classname="tests.test_fase3_4_number_format.TestIssuanceE2E" name="test_08_preview_png_new_format" time="1.095" /><testcase classname="tests.test_fase3_4_number_format.TestIssuanceE2E" name="test_09_qr_verify_new_format" time="0.155" /><testcase classname="tests.test_fase3_4_number_format.TestIssuanceE2E" name="test_10_rbac_cm_blocked_and_unauth" time="0.617" /><testcase classname="tests.test_fase3_4_number_format.TestIssuanceE2E" name="test_11_reissue_same_number" time="0.195" /><testcase classname="tests.test_fase3_4_number_format.TestZZZCleanup" name="test_cleanup_and_restore" time="0.013" /><testcase classname="tests.test_fase3_1_pdf_visual.TestReadOnlyRegressions" name="test_verify_fake_number_returns_not_found" time="0.119" /><testcase classname="tests.test_fase3_1_pdf_visual.TestReadOnlyRegressions" name="test_qr_resolve_invalid_token" time="0.147" /><testcase classname="tests.test_fase3_1_pdf_visual.TestReadOnlyRegressions" name="test_settings_public_whatsapp" time="0.463" /><testcase classname="tests.test_fase3_1_pdf_visual.TestReadOnlyRegressions" name="test_legality_unpublished_state" time="0.284" /><testcase classname="tests.test_fase3_1_pdf_visual.TestPdfE2E" name="test_01_create_gemstone" time="1.557" /><testcase classname="tests.test_fase3_1_pdf_visual.TestPdfE2E" name="test_02_issue_certificate" time="0.485" /><testcase classname="tests.test_fase3_1_pdf_visual.TestPdfE2E" name="test_03_pdf_binary_and_mediabox" time="7.513" /><testcase classname="tests.test_fase3_1_pdf_visual.TestPdfE2E" name="test_04_qr_on_page2_decodes_to_expected_url" time="4.114" /><testcase classname="tests.test_fase3_1_pdf_visual.TestPdfE2E" name="test_05_manual_verify_returns_valid" time="0.343" /><testcase classname="tests.test_fase3_1_pdf_visual.TestPdfE2E" name="test_06_qr_verify_returns_valid_and_no_secret_leak" time="0.375" /><testcase classname="tests.test_fase3_1_pdf_visual.TestZZZCleanupAndCounterRestore" name="test_cleanup_and_verify_state" time="0.019" /><testcase classname="tests.test_fase3_3_preview.TestReadOnlyRegressions" name="test_verify_fake_number_returns_not_found_no_preview" time="0.111" /><testcase classname="tests.test_fase3_3_preview.TestReadOnlyRegressions" name="test_qr_resolve_invalid_token" time="0.127" /><testcase classname="tests.test_fase3_3_preview.TestReadOnlyRegressions" name="test_settings_public_whatsapp" time="0.108" /><testcase classname="tests.test_fase3_3_preview.TestReadOnlyRegressions" name="test_legality_empty" time="0.109" /><testcase classname="tests.test_fase3_3_preview.TestReadOnlyRegressions" name="test_preview_garbage_token_404" time="0.103" /><testcase classname="tests.test_fase3_3_preview.TestReadOnlyRegressions" name="test_preview_empty_and_unsigned_404" time="0.314" /><testcase classname="tests.test_fase3_3_preview.TestPreviewE2E" name="test_01_baseline_counter" time="0.008" /><testcase classname="tests.test_fase3_3_preview.TestPreviewE2E" name="test_02_create_gemstone" time="0.636" /><testcase classname="tests.test_fase3_3_preview.TestPreviewE2E" name="test_03_issue_certificate" time="0.185" /><testcase classname="tests.test_fase3_3_preview.TestPreviewE2E" name="test_04_verify_returns_preview_token" time="0.111" /><testcase classname="tests.test_fase3_3_preview.TestPreviewE2E" name="test_05_preview_token_payload_minimal" time="0.001" /><testcase classname="tests.test_fase3_3_preview.TestPreviewE2E" name="test_06_preview_endpoint_returns_png" time="1.033" /><testcase classname="tests.test_fase3_3_preview.TestPreviewE2E" name="test_07_verify_qr_also_has_preview_token_no_leak" time="0.118" /><testcase classname="tests.test_fase3_3_preview.TestPreviewE2E" name="test_08_counter_unchanged_by_verification" time="0.003" /><testcase classname="tests.test_fase3_3_preview.TestPreviewE2E" name="test_09_reissue_and_preview_current_version" time="1.273" /><testcase classname="tests.test_fase3_3_preview.TestPreviewE2E" name="test_10_archived_version_token_not_previewable" time="0.158" /><testcase classname="tests.test_fase3_3_preview.TestZZZCleanupAndCounterRestore" name="test_cleanup" time="0.016" /></testsuite></testsuites>