<?xml version="1.0" encoding="utf-8"?><testsuites name="pytest tests"><testsuite name="pytest" errors="0" failures="0" skipped="0" tests="17" time="5.593" timestamp="2026-08-08T16:09:13.265701+00:00" hostname="agent-env-b959a9f0-4595-4d4b-ac30-ae061f547636"><testcase classname="tests.test_fase3_3_preview.TestReadOnlyRegressions" name="test_verify_fake_number_returns_not_found_no_preview" time="0.557" /><testcase classname="tests.test_fase3_3_preview.TestReadOnlyRegressions" name="test_qr_resolve_invalid_token" time="0.158" /><testcase classname="tests.test_fase3_3_preview.TestReadOnlyRegressions" name="test_settings_public_whatsapp" time="0.114" /><testcase classname="tests.test_fase3_3_preview.TestReadOnlyRegressions" name="test_legality_empty" time="0.137" /><testcase classname="tests.test_fase3_3_preview.TestReadOnlyRegressions" name="test_preview_garbage_token_404" time="0.131" /><testcase classname="tests.test_fase3_3_preview.TestReadOnlyRegressions" name="test_preview_empty_and_unsigned_404" time="0.352" /><testcase classname="tests.test_fase3_3_preview.TestPreviewE2E" name="test_01_baseline_counter" time="0.173" /><testcase classname="tests.test_fase3_3_preview.TestPreviewE2E" name="test_02_create_gemstone" time="0.438" /><testcase classname="tests.test_fase3_3_preview.TestPreviewE2E" name="test_03_issue_certificate" time="0.130" /><testcase classname="tests.test_fase3_3_preview.TestPreviewE2E" name="test_04_verify_returns_preview_token" time="0.156" /><testcase classname="tests.test_fase3_3_preview.TestPreviewE2E" name="test_05_preview_token_payload_minimal" time="0.001" /><testcase classname="tests.test_fase3_3_preview.TestPreviewE2E" name="test_06_preview_endpoint_returns_png" time="1.454" /><testcase classname="tests.test_fase3_3_preview.TestPreviewE2E" name="test_07_verify_qr_also_has_preview_token_no_leak" time="0.131" /><testcase classname="tests.test_fase3_3_preview.TestPreviewE2E" name="test_08_counter_unchanged_by_verification" time="0.002" /><testcase classname="tests.test_fase3_3_preview.TestPreviewE2E" name="test_09_reissue_and_preview_current_version" time="1.233" /><testcase classname="tests.test_fase3_3_preview.TestPreviewE2E" name="test_10_archived_version_token_not_previewable" time="0.137" /><testcase classname="tests.test_fase3_3_preview.TestZZZCleanupAndCounterRestore" name="test_cleanup" time="0.013" /></testsuite></testsuites>