<?xml version="1.0" encoding="utf-8"?><testsuites name="pytest tests"><testsuite name="pytest" errors="0" failures="0" skipped="0" tests="9" time="3.474" timestamp="2026-08-08T22:44:27.716023+00:00" hostname="agent-env-20380fcc-7eec-42d1-84c1-85534ee0ea78"><testcase classname="tests.test_home_bg_and_gems" name="test_public_settings_includes_home_bg_and_gems" time="0.538" /><testcase classname="tests.test_home_bg_and_gems" name="test_admin_get_visuals_includes_home_fields" time="0.390" /><testcase classname="tests.test_home_bg_and_gems" name="test_home_bg_persist_and_clamp" time="0.194" /><testcase classname="tests.test_home_bg_and_gems" name="test_home_bg_low_clamps_and_invalid_fit" time="0.099" /><testcase classname="tests.test_home_bg_and_gems" name="test_cm_can_put_home_fields" time="0.449" /><testcase classname="tests.test_home_bg_and_gems" name="test_cs_get_ok_put_403" time="0.532" /><testcase classname="tests.test_home_bg_and_gems" name="test_unauth_put_401" time="0.105" /><testcase classname="tests.test_home_bg_and_gems" name="test_safety_certificate_counter_still_14" time="0.089" /><testcase classname="tests.test_home_bg_and_gems" name="test_zzz_restore_home_defaults" time="0.107" /></testsuite></testsuites>