<?xml version="1.0" encoding="utf-8"?><testsuites name="pytest tests"><testsuite name="pytest" errors="0" failures="0" skipped="0" tests="23" time="8.922" timestamp="2026-08-09T14:25:31.403652+00:00" hostname="agent-env-a196a47c-ede2-4131-a8b1-c0c128c2e761"><testcase classname="tests.test_iteration22_full_flow" name="test_health" time="0.236" /><testcase classname="tests.test_iteration22_full_flow" name="test_settings_public_envelope" time="0.128" /><testcase classname="tests.test_iteration22_full_flow" name="test_login_invalid" time="0.378" /><testcase classname="tests.test_iteration22_full_flow" name="test_auth_me" time="0.661" /><testcase classname="tests.test_iteration22_full_flow" name="test_protected_requires_token" time="0.117" /><testcase classname="tests.test_iteration22_full_flow" name="test_verify_invalid_number" time="0.109" /><testcase classname="tests.test_iteration22_full_flow" name="test_verify_wellformed_but_absent" time="0.122" /><testcase classname="tests.test_iteration22_full_flow" name="test_verify_empty_validation" time="0.106" /><testcase classname="tests.test_iteration22_full_flow" name="test_qr_resolve_invalid" time="0.104" /><testcase classname="tests.test_iteration22_full_flow" name="test_membership_verify_invalid" time="0.116" /><testcase classname="tests.test_iteration22_full_flow" name="test_legality_public" time="0.120" /><testcase classname="tests.test_iteration22_full_flow" name="test_analytics_overview" time="0.146" /><testcase classname="tests.test_iteration22_full_flow" name="test_customer_crud" time="0.520" /><testcase classname="tests.test_iteration22_full_flow" name="test_gemstone_crud" time="0.551" /><testcase classname="tests.test_iteration22_full_flow" name="test_certificate_demo_preview" time="1.530" /><testcase classname="tests.test_iteration22_full_flow" name="test_issue_certificate_and_verify" time="1.708" /><testcase classname="tests.test_iteration22_full_flow" name="test_verify_wrong_security_code" time="0.106" /><testcase classname="tests.test_iteration22_full_flow" name="test_warranty_create" time="0.115" /><testcase classname="tests.test_iteration22_full_flow" name="test_ownership_assign_transfer_complete" time="0.765" /><testcase classname="tests.test_iteration22_full_flow" name="test_membership_issue_and_verify" time="0.365" /><testcase classname="tests.test_iteration22_full_flow" name="test_visuals_get_put" time="0.233" /><testcase classname="tests.test_iteration22_full_flow" name="test_settings_put_whatsapp" time="0.239" /><testcase classname="tests.test_iteration22_full_flow" name="test_zzz_cleanup" time="0.126" /></testsuite></testsuites>