<?xml version="1.0" encoding="utf-8"?><testsuites name="pytest tests"><testsuite name="pytest" errors="0" failures="1" skipped="0" tests="9" time="3.640" timestamp="2026-08-10T16:36:04.045064+00:00" hostname="agent-env-72b16427-fe30-4af7-b1bc-0943804f3330"><testcase classname="tests.test_iter25_agr_flow" name="test_admin_login" time="0.538" /><testcase classname="tests.test_iter25_agr_flow" name="test_verify_qr_valid_token" time="0.124" /><testcase classname="tests.test_iter25_agr_flow" name="test_verify_qr_invalid_token" time="0.319" /><testcase classname="tests.test_iter25_agr_flow" name="test_public_pdf_valid_number_is_two_pages_no_qr" time="0.142" /><testcase classname="tests.test_iter25_agr_flow" name="test_public_pdf_invalid_format_404" time="0.094" /><testcase classname="tests.test_iter25_agr_flow" name="test_public_pdf_unknown_number_404" time="0.113" /><testcase classname="tests.test_iter25_agr_flow" name="test_admin_pdf_endpoint" time="0.527" /><testcase classname="tests.test_iter25_agr_flow" name="test_admin_card_endpoint" time="0.356" /><testcase classname="tests.test_iter25_agr_flow" name="test_create_gemstone_and_issue_cert" time="0.265"><failure message="assert None">tests/test_iter25_agr_flow.py:176: in test_create_gemstone_and_issue_cert
    assert cert_uid
E   assert None</failure></testcase></testsuite></testsuites>