<?xml version="1.0" encoding="utf-8"?><testsuites name="pytest tests"><testsuite name="pytest" errors="0" failures="0" skipped="0" tests="8" time="6.261" timestamp="2026-08-11T06:17:44.147781+00:00" hostname="agent-env-e4d38fe4-050c-44ac-8d0e-b194dffa8ad6"><testcase classname="tests.test_iter29_card_and_verify.TestRealCertificate" name="test_verify_cover_real_cert" time="1.246" /><testcase classname="tests.test_iter29_card_and_verify.TestCardRedesign" name="test_sample_card_is_pdf" time="3.046" /><testcase classname="tests.test_iter29_card_and_verify.TestRealCertificate" name="test_verify_pdf_real_cert_4_pages" time="1.847" /><testcase classname="tests.test_iter29_card_and_verify.TestCardRedesign" name="test_demo_preview_is_4page_pdf" time="1.359" /><testcase classname="tests.test_iter29_card_and_verify.TestRealCertificate" name="test_admin_list_and_card" time="1.980" /><testcase classname="tests.test_iter29_card_and_verify.TestQrEndpoint" name="test_qr_bogus_token_no_crash" time="0.100" /><testcase classname="tests.test_iter29_card_and_verify.TestQrEndpoint" name="test_cover_bogus_number_404" time="0.089" /><testcase classname="tests.test_iter29_card_and_verify.TestCounterUnchanged" name="test_counter_still_15" time="0.363" /></testsuite></testsuites>