<?xml version="1.0" encoding="utf-8"?><testsuites name="pytest tests"><testsuite name="pytest" errors="0" failures="0" skipped="0" tests="5" time="4.637" timestamp="2026-08-11T07:40:37.186922+00:00" hostname="agent-env-ecb5985e-1458-4f3d-8526-902a4a2c0785"><testcase classname="tests.test_iter30_pdf_and_freeze" name="test_demo_preview_pdf_is_valid_4_pages" time="2.076" /><testcase classname="tests.test_iter30_pdf_and_freeze" name="test_public_verify_pdf_valid_cert" time="1.058" /><testcase classname="tests.test_iter30_pdf_and_freeze" name="test_verify_cover_sample_zmd" time="0.112" /><testcase classname="tests.test_iter30_pdf_and_freeze" name="test_data_freeze_counter" time="0.188" /><testcase classname="tests.test_iter30_pdf_and_freeze" name="test_no_new_certs_issued" time="0.102" /></testsuite></testsuites>