<?xml version="1.0" encoding="utf-8"?><testsuites name="pytest tests"><testsuite name="pytest" errors="0" failures="0" skipped="0" tests="10" time="6.839" timestamp="2026-08-10T19:19:55.481537+00:00" hostname="agent-env-5f332d42-cda9-4b24-bd25-4f76818f55fa"><testcase classname="tests.test_iter27_cover_and_legality.TestPublicVerify" name="test_cover_valid_cert" time="1.330" /><testcase classname="tests.test_iter27_cover_and_legality.TestPublicVerify" name="test_pdf_valid_cert_is_two_page_pdf" time="1.687" /><testcase classname="tests.test_iter27_cover_and_legality.TestLegalitySignatoryAndActive" name="test_create_first_active" time="3.024" /><testcase classname="tests.test_iter27_cover_and_legality.TestPublicVerify" name="test_cover_nonexistent_returns_404" time="0.009" /><testcase classname="tests.test_iter27_cover_and_legality.TestLegalitySignatoryAndActive" name="test_signature_upload_preview_delete" time="0.050" /><testcase classname="tests.test_iter27_cover_and_legality.TestPublicVerify" name="test_cover_bad_format_returns_404" time="0.007" /><testcase classname="tests.test_iter27_cover_and_legality.TestPublicVerify" name="test_pdf_nonexistent_returns_404" time="0.009" /><testcase classname="tests.test_iter27_cover_and_legality.TestLegalitySignatoryAndActive" name="test_second_active_deactivates_first" time="0.246" /><testcase classname="tests.test_iter27_cover_and_legality.TestAdminSamplePreviews" name="test_demo_preview_pdf" time="1.532" /><testcase classname="tests.test_iter27_cover_and_legality.TestAdminSamplePreviews" name="test_sample_card_pdf" time="0.944" /></testsuite></testsuites>