<?xml version="1.0" encoding="utf-8"?><testsuites name="pytest tests"><testsuite name="pytest" errors="0" failures="0" skipped="0" tests="16" time="4.967" timestamp="2026-08-08T21:06:44.206277+00:00" hostname="agent-env-e09bb6d2-645c-48f2-9449-e52fd1619b38"><testcase classname="tests.test_cms_visuals_media" name="test_list_visuals_media_no_auth_401" time="0.584" /><testcase classname="tests.test_cms_visuals_media" name="test_list_visuals_media_cms_read_200[admin]" time="1.449" /><testcase classname="tests.test_cms_visuals_media" name="test_list_visuals_media_cms_read_200[adminr]" time="0.133" /><testcase classname="tests.test_cms_visuals_media" name="test_list_visuals_media_cms_read_200[cm]" time="0.113" /><testcase classname="tests.test_cms_visuals_media" name="test_list_visuals_media_cms_read_200[cs]" time="0.100" /><testcase classname="tests.test_cms_visuals_media" name="test_upload_no_auth_401" time="0.094" /><testcase classname="tests.test_cms_visuals_media" name="test_upload_cs_403" time="0.107" /><testcase classname="tests.test_cms_visuals_media" name="test_upload_super_admin_201" time="0.222" /><testcase classname="tests.test_cms_visuals_media" name="test_upload_administrator_201" time="0.133" /><testcase classname="tests.test_cms_visuals_media" name="test_upload_content_manager_201" time="0.106" /><testcase classname="tests.test_cms_visuals_media" name="test_upload_non_image_400" time="0.099" /><testcase classname="tests.test_cms_visuals_media" name="test_list_shows_uploaded" time="0.118" /><testcase classname="tests.test_cms_visuals_media" name="test_zz_cleanup_delete_uploaded" time="0.321" /><testcase classname="tests.test_cms_visuals_media" name="test_zz_cleanup_reset_visuals" time="0.102" /><testcase classname="tests.test_cms_visuals_media" name="test_zz_cleanup_media_empty" time="0.104" /><testcase classname="tests.test_cms_visuals_media" name="test_zz_counter_still_14" time="0.127" /></testsuite></testsuites>