<?xml version="1.0" encoding="utf-8"?><testsuites name="pytest tests"><testsuite name="pytest" errors="0" failures="0" skipped="0" tests="8" time="3.913" timestamp="2026-08-03T18:36:53.529424+00:00" hostname="agent-env-b6ab3087-3a17-45c2-baa5-4a0b025f55bc"><testcase classname="tests.test_sprint3_db" name="test_health_reports_database_connected" time="0.772" /><testcase classname="tests.test_health" name="test_health_endpoint_returns_expected_payload" time="0.304" /><testcase classname="tests.test_health" name="test_unknown_api_route_returns_404" time="0.307" /><testcase classname="tests.test_health" name="test_cors_spec_safe_wildcard_no_credentials" time="0.094" /><testcase classname="tests.test_health" name="test_cors_preflight_options" time="0.053" /><testcase classname="tests.test_sprint3_db" name="test_base_repository_import_and_methods" time="0.126" /><testcase classname="tests.test_sprint3_db" name="test_init_db_script_is_idempotent[1]" time="0.914" /><testcase classname="tests.test_sprint3_db" name="test_init_db_script_is_idempotent[2]" time="0.918" /></testsuite></testsuites>