<?xml version="1.0" encoding="utf-8"?><testsuites name="pytest tests"><testsuite name="pytest" errors="0" failures="0" skipped="0" tests="12" time="4.946" timestamp="2026-08-03T19:16:14.025770+00:00" hostname="agent-env-b6ab3087-3a17-45c2-baa5-4a0b025f55bc"><testcase classname="tests.test_sprint6_auth.TestLogin" name="test_login_success_shape" time="0.707" /><testcase classname="tests.test_sprint6_auth.TestLogin" name="test_login_wrong_password" time="0.283" /><testcase classname="tests.test_sprint6_auth.TestMe" name="test_me_ok" time="0.995" /><testcase classname="tests.test_sprint6_auth.TestLogin" name="test_login_unknown_email_same_generic" time="0.072" /><testcase classname="tests.test_sprint6_auth.TestMe" name="test_me_no_token" time="0.067" /><testcase classname="tests.test_sprint6_auth.TestMe" name="test_me_invalid_token" time="0.239" /><testcase classname="tests.test_sprint6_auth.TestRefreshRotation" name="test_refresh_rotates_and_old_invalidated" time="1.158" /><testcase classname="tests.test_sprint6_auth.TestLogout" name="test_logout_requires_auth" time="0.066" /><testcase classname="tests.test_sprint6_auth.TestLogout" name="test_logout_success_then_refresh_dead" time="0.311" /><testcase classname="tests.test_sprint6_auth.TestRefreshRotation" name="test_refresh_invalid_token" time="0.064" /><testcase classname="tests.test_sprint6_auth.TestDataLayer" name="test_password_hash_is_argon2id" time="0.036" /><testcase classname="tests.test_sprint6_auth.TestDataLayer" name="test_security_logs_written_and_no_secrets" time="0.630" /></testsuite></testsuites>